<?xml version="1.0" encoding="UTF-8"?>
<!-- Generated by org.testng.reporters.JUnitXMLReporter -->
<testsuite hostname="IMRAN-PC" ignored="0" name="NewTourSiteTest" tests="2" failures="1" timestamp="2020-08-15T20:16:21 BDT" time="9.441" errors="0">
  <testcase name="checkLoginPageTitle" time="8.778" classname="com.bitm.SeleniumOnlineProject.Test.LoginTest">
    <failure type="java.lang.AssertionError" message="expected [OrangeHRMM] but found [OrangeHRM]">
      <![CDATA[java.lang.AssertionError: expected [OrangeHRMM] but found [OrangeHRM]
at com.bitm.SeleniumOnlineProject.Test.LoginTest.checkLoginPageTitle(LoginTest.java:29)
at java.util.ArrayList.forEach(ArrayList.java:1249)
... Removed 33 stack frames]]>
    </failure>
  </testcase> <!-- checkLoginPageTitle -->
  <testcase name="logintest" time="0.0" classname="com.bitm.SeleniumOnlineProject.Test.LoginTest">
    <skipped/>
  </testcase> <!-- logintest -->
</testsuite> <!-- NewTourSiteTest -->
